<?xml version="1.0" encoding="UTF-8"?>
<!-- Generated by org.testng.reporters.JUnitReportReporter -->
<testsuite hostname="WKWIN9454823" name="com.pages.homePage" tests="1" failures="0" timestamp="2 Sep 2018 16:00:46 GMT" time="50.959" errors="0">
  <testcase name="goToHomePage" time="50.959" classname="com.pages.homePage"/>
</testsuite> <!-- com.pages.homePage -->
