<?xml version="1.0" encoding="UTF-8"?>
<!-- Generated by org.testng.reporters.JUnitReportReporter -->
<testsuite hostname="WKWIN9454823" name="com.seleniumBasics.Flipkart" tests="1" failures="0" timestamp="4 Sep 2018 11:26:45 GMT" time="34.955" errors="0">
  <testcase name="goToHomePage" time="34.955" classname="com.seleniumBasics.Flipkart"/>
</testsuite> <!-- com.seleniumBasics.Flipkart -->
