<?xml version="1.0" encoding="UTF-8"?>
<!-- Generated by org.testng.reporters.JUnitReportReporter -->
<testsuite hostname="WKWIN9454823" name="com.framework.BasePage" tests="1" failures="0" timestamp="11 Sep 2018 10:47:21 GMT" time="0.047" errors="0">
  <testcase name="validateBasePage" time="0.047" classname="com.framework.BasePage"/>
</testsuite> <!-- com.framework.BasePage -->
