<?xml version="1.0" encoding="UTF-8"?>
<!-- Generated by org.testng.reporters.JUnitReportReporter -->
<testsuite hostname="WKWIN9454823" name="com.pages.Flipkart" tests="1" failures="0" timestamp="3 Sep 2018 16:08:02 GMT" time="31.223" errors="0">
  <testcase name="goToHomePage" time="31.223" classname="com.pages.Flipkart"/>
</testsuite> <!-- com.pages.Flipkart -->
