<?xml version="1.0" encoding="UTF-8"?>
<!-- Generated by org.testng.reporters.JUnitReportReporter -->
<testsuite hostname="WKWIN9454823" name="com.seleniumBasics.Flipkart" tests="1" failures="0" timestamp="10 Sep 2018 18:15:06 GMT" time="39.124" errors="0">
  <testcase name="goToHomePage" time="39.124" classname="com.seleniumBasics.Flipkart"/>
</testsuite> <!-- com.seleniumBasics.Flipkart -->
