<?xml version="1.0" encoding="UTF-8"?>
<!-- Generated by org.testng.reporters.JUnitReportReporter -->
<testsuite hostname="WKWIN9454823" name="com.pages.NewTest" tests="1" failures="0" timestamp="3 Sep 2018 09:17:54 GMT" time="26.589" errors="0">
  <testcase name="f" time="26.589" classname="com.pages.NewTest"/>
</testsuite> <!-- com.pages.NewTest -->
