<?xml version="1.0" encoding="UTF-8"?>
<!-- Generated by org.testng.reporters.JUnitReportReporter -->
<testsuite hostname="WKWIN9454823" name="com.TestNGBasics.TestNGConcepts" tests="3" failures="0" timestamp="7 Sep 2018 09:37:10 GMT" time="0.078" errors="0">
  <testcase name="f" time="0.031" classname="com.TestNGBasics.TestNGConcepts"/>
  <testcase name="f" time="0.032" classname="com.TestNGBasics.TestNGConcepts"/>
  <testcase name="f" time="0.015" classname="com.TestNGBasics.TestNGConcepts"/>
</testsuite> <!-- com.TestNGBasics.TestNGConcepts -->
